0 info it worked if it ends with ok
1 verbose cli [ 'C:\\Program Files\\nodejs\\node.exe',
1 verbose cli   'C:\\Program Files\\nodejs\\node_modules\\npm\\bin\\npm-cli.js',
1 verbose cli   'publish' ]
2 info using npm@2.14.7
3 info using node@v4.2.2
4 verbose publish [ '.' ]
5 silly cache add args [ '.', null ]
6 verbose cache add spec .
7 silly cache add parsed spec Result {
7 silly cache add   raw: '.',
7 silly cache add   scope: null,
7 silly cache add   name: null,
7 silly cache add   rawSpec: '.',
7 silly cache add   spec: 'E:\\axe',
7 silly cache add   type: 'directory' }
8 verbose addLocalDirectory C:\Users\liuqing-ira\AppData\Roaming\npm-cache\axejs\1.0.3\package.tgz not in flight; packing
9 verbose tar pack [ 'C:\\Users\\liuqing-ira\\AppData\\Roaming\\npm-cache\\axejs\\1.0.3\\package.tgz',
9 verbose tar pack   'E:\\axe' ]
10 verbose tarball C:\Users\liuqing-ira\AppData\Roaming\npm-cache\axejs\1.0.3\package.tgz
11 verbose folder E:\axe
12 info prepublish axejs@1.0.3
13 verbose unsafe-perm in lifecycle true
14 info axejs@1.0.3 Failed to exec prepublish script
15 error addLocalDirectory Could not pack E:\axe to C:\Users\liuqing-ira\AppData\Roaming\npm-cache\axejs\1.0.3\package.tgz
16 error addLocal Could not install E:\axe
17 verbose stack Error: axejs@1.0.3 prepublish: `npm run compile`
17 verbose stack Exit status 1
17 verbose stack     at EventEmitter.<anonymous> (C:\Program Files\nodejs\node_modules\npm\lib\utils\lifecycle.js:214:16)
17 verbose stack     at emitTwo (events.js:87:13)
17 verbose stack     at EventEmitter.emit (events.js:172:7)
17 verbose stack     at ChildProcess.<anonymous> (C:\Program Files\nodejs\node_modules\npm\lib\utils\spawn.js:24:14)
17 verbose stack     at emitTwo (events.js:87:13)
17 verbose stack     at ChildProcess.emit (events.js:172:7)
17 verbose stack     at maybeClose (internal/child_process.js:818:16)
17 verbose stack     at Process.ChildProcess._handle.onexit (internal/child_process.js:211:5)
18 verbose pkgid axejs@1.0.3
19 verbose cwd E:\axe
20 error Windows_NT 6.1.7600
21 error argv "C:\\Program Files\\nodejs\\node.exe" "C:\\Program Files\\nodejs\\node_modules\\npm\\bin\\npm-cli.js" "publish"
22 error node v4.2.2
23 error npm  v2.14.7
24 error code ELIFECYCLE
25 error axejs@1.0.3 prepublish: `npm run compile`
25 error Exit status 1
26 error Failed at the axejs@1.0.3 prepublish script 'npm run compile'.
26 error This is most likely a problem with the axejs package,
26 error not with npm itself.
26 error Tell the author that this fails on your system:
26 error     npm run compile
26 error You can get their info via:
26 error     npm owner ls axejs
26 error There is likely additional logging output above.
27 verbose exit [ 1, true ]
